Player A discarded 5 aimed at B. This forced B to discard 7.
A(name) :5
B(p2) :7
You are holding:81
card>target>guess>Player B discarded 1 aimed at A guessing 8.
Player A discarded 2.
A(name) :52
B(p2) :71
You are holding:83
card>target>Player B discarded 3 aimed at A. This forced A to discard 6. A was out.
Scores: name=0 p2=1
Player A discarded 5 aimed at B. This forced B to discard 7.
A(name) :5
B(p2) :7
You are holding:81
card>target>guess>Player B discarded 1 aimed at A guessing 8.
Player A discarded 2.
A(name) :52
B(p2) :71
You are holding:83
card>target>Player B discarded 3 aimed at A. This forced A to discard 6. A was out.
Scores: name=0 p2=2
Player A discarded 5 aimed at B. This forced B to discard 7.
A(name) :5
B(p2) :7
You are holding:81
card>target>guess>Player B discarded 1 aimed at A guessing 8.
Player A discarded 2.
A(name) :52
B(p2) :71
You are holding:83
card>target>Player B discarded 3 aimed at A. This forced A to discard 6. A was out.
Scores: name=0 p2=3
Player A discarded 5 aimed at B. This forced B to discard 7.
A(name) :5
B(p2) :7
You are holding:81
card>target>guess>Player B discarded 1 aimed at A guessing 8.
Player A discarded 2.
A(name) :52
B(p2) :71
You are holding:83
card>target>Player B discarded 3 aimed at A. This forced A to discard 6. A was out.
Scores: name=0 p2=4
Game over
