A(p1) :
B(p2) :
You are holding:65
card>target>target>Player A discarded 6 aimed at B.
Player B discarded 5 aimed at A. This forced A to discard 7.
A(p1) :67
B(p2) :5
You are holding:12
card>target>guess>Player A discarded 1 aimed at B guessing 8. This forced B to discard 8. B was out.
Scores: p1=1 p2=0
A(p1) :
B(p2) :
You are holding:65
card>target>Player A discarded 5 aimed at A. This forced A to discard 6.
Player B discarded 1 aimed at A guessing 8. This forced A to discard 8. A was out.
Scores: p1=1 p2=1
A(p1) :
B(p2) :
You are holding:65
card>target>Player A discarded 5 aimed at A. This forced A to discard 6.
Player B discarded 7.
A(p1) :56
B(p2) :7
You are holding:82
card>card>Player A discarded 2.
Player B discarded 1 aimed at A guessing 6.
A(p1) :562
B(p2) :71
You are holding:84
card>Player A discarded 4.
Player B discarded 3.
A(p1) :5624
B(p2) :713
You are holding:82
card>Player A discarded 2.
Player B discarded 4.
A(p1) :56242
B(p2)*:7134
You are holding:83
card>Player A discarded 3.
Player B discarded 1 aimed at A guessing 8. This forced A to discard 8. A was out.
Scores: p1=1 p2=2
A(p1) :
B(p2) :
You are holding:65
card>target>Player A discarded 5 aimed at B. This forced B to discard 7.
Player B discarded 1 aimed at A guessing 6. This forced A to discard 6. A was out.
Scores: p1=1 p2=3
A(p1) :
B(p2) :
You are holding:65
card>target>Player A discarded 5 aimed at A. This forced A to discard 6.
Player B discarded 7.
A(p1) :56
B(p2) :7
You are holding:82
card>Player A discarded 2.
Player B discarded 3 aimed at A. This forced B to discard 1. B was out.
Scores: p1=2 p2=3
A(p1) :
B(p2) :
You are holding:65
card>target>Player A discarded 5 aimed at B. This forced B to discard 7.
Player B discarded 1 aimed at A guessing 6. This forced A to discard 6. A was out.
Scores: p1=2 p2=4
Game over
