A(Aloysius Snuffleupagus) :
B(Not-as-big-as-Medium-Sized-Jock-but-bigger-than-Wee-Jock Jock) :
You are holding:45
card>target>Player A discarded 5 aimed at B. This forced B to discard 8. B was out.
Scores: Aloysius Snuffleupagus=1 Not-as-big-as-Medium-Sized-Jock-but-bigger-than-Wee-Jock Jock=0
A(Aloysius Snuffleupagus) :
B(Not-as-big-as-Medium-Sized-Jock-but-bigger-than-Wee-Jock Jock) :
You are holding:45
card>Player A discarded 4.
Player B discarded 7.
A(Aloysius Snuffleupagus) :4
B(Not-as-big-as-Medium-Sized-Jock-but-bigger-than-Wee-Jock Jock) :7
You are holding:51
card>target>guess>Player A discarded 1 aimed at B guessing 8. This forced B to discard 8. B was out.
Scores: Aloysius Snuffleupagus=2 Not-as-big-as-Medium-Sized-Jock-but-bigger-than-Wee-Jock Jock=0
A(Aloysius Snuffleupagus) :
B(Not-as-big-as-Medium-Sized-Jock-but-bigger-than-Wee-Jock Jock) :
You are holding:45
card>Player A discarded 4.
Player B discarded 7.
A(Aloysius Snuffleupagus) :4
B(Not-as-big-as-Medium-Sized-Jock-but-bigger-than-Wee-Jock Jock) :7
You are holding:51
card>target>guess>Player A discarded 1 aimed at B guessing 8. This forced B to discard 8. B was out.
Scores: Aloysius Snuffleupagus=3 Not-as-big-as-Medium-Sized-Jock-but-bigger-than-Wee-Jock Jock=0
A(Aloysius Snuffleupagus) :
B(Not-as-big-as-Medium-Sized-Jock-but-bigger-than-Wee-Jock Jock) :
You are holding:45
card>target>Player A discarded 5 aimed at B. This forced B to discard 8. B was out.
Scores: Aloysius Snuffleupagus=4 Not-as-big-as-Medium-Sized-Jock-but-bigger-than-Wee-Jock Jock=0
Game over
