Player A discarded 7.
Player B discarded 2.
A(Alex) :7
B(Connor) :2
C(bob) :
You are holding:42
card>Player C discarded 2.
Player A discarded 4.
Player B discarded 5 aimed at C. This forced C to discard 4.
A(Alex)*:74
B(Connor) :25
C(bob) :24
You are holding:31
card>target>guess>Player C discarded 1 aimed at B guessing 5. This forced B to discard 5. B was out.
Player A discarded 6 aimed at C.
A(Alex) :746
B(Connor)-:255
C(bob) :241
You are holding:83
card>target>Player C discarded 3 aimed at A. This forced A to discard 3. A was out.
Scores: Alex=0 Connor=0 bob=1
Player A discarded 7.
Player B discarded 5 aimed at A. This forced A to discard 8. A was out.
A(Alex)-:78
B(Connor) :5
C(bob) :
You are holding:42
card>Player C discarded 2.
Player B discarded 2.
A(Alex)-:78
B(Connor) :52
C(bob) :2
You are holding:45
card>target>Player C discarded 5 aimed at B. This forced B to discard 4.
Player B discarded 1 aimed at C guessing 6.
A(Alex)-:78
B(Connor) :5241
C(bob) :25
You are holding:46
card>Player C discarded 4.
Player B discarded 3.
A(Alex)-:78
B(Connor) :52413
C(bob) :254
You are holding:61
card>target>guess>Player C discarded 1 aimed at B guessing 3. This forced B to discard 3. B was out.
Scores: Alex=0 Connor=0 bob=2
Player A discarded 7.
Player B discarded 2.
A(Alex) :7
B(Connor) :2
C(bob) :
You are holding:42
card>Player C discarded 2.
Player A discarded 4.
Player B discarded 5 aimed at C. This forced C to discard 4.
A(Alex)*:74
B(Connor) :25
C(bob) :24
You are holding:31
card>target>guess>Player C discarded 1 aimed at B guessing 5. This forced B to discard 5. B was out.
Player A discarded 6 aimed at C.
A(Alex) :746
B(Connor)-:255
C(bob) :241
You are holding:83
card>target>Player C discarded 3 aimed at A. This forced A to discard 3. A was out.
Scores: Alex=0 Connor=0 bob=3
Player A discarded 7.
Player B discarded 5 aimed at A. This forced A to discard 8. A was out.
A(Alex)-:78
B(Connor) :5
C(bob) :
You are holding:42
card>Player C discarded 2.
Player B discarded 2.
A(Alex)-:78
B(Connor) :52
C(bob) :2
You are holding:45
card>target>Player C discarded 5 aimed at B. This forced B to discard 4.
Player B discarded 1 aimed at C guessing 6.
A(Alex)-:78
B(Connor) :5241
C(bob) :25
You are holding:46
card>Player C discarded 4.
Player B discarded 3.
A(Alex)-:78
B(Connor) :52413
C(bob) :254
You are holding:61
card>target>guess>Player C discarded 1 aimed at B guessing 3. This forced B to discard 3. B was out.
Scores: Alex=0 Connor=0 bob=4
Game over
