Player A discarded 3 aimed at B. This forced B to discard 4. B was out.
Player C discarded 7.
Player A discarded 6 aimed at C.
Player C discarded 1 aimed at A guessing 8.
Player A discarded 1 aimed at C guessing 8. This forced C to discard 8. C was out.
Scores: p1=1 p2=0 p3=0
Player A discarded 2.
A(p1) :2
B(p2) :
C(p3) :
You are holding:36
card>target>Player B discarded 3 aimed at C. This forced C to discard 4. C was out.
Player A discarded 7.
A(p1) :27
B(p2) :3
C(p3)-:4
You are holding:68
card>target>Player B discarded 6 aimed at A.
Player A discarded 1 aimed at B guessing 8.
A(p1) :271
B(p2) :36
C(p3)-:4
You are holding:51
card>target>guess>Player B discarded 1 aimed at A guessing 8. This forced A to discard 8. A was out.
Scores: p1=1 p2=1 p3=0
Player A discarded 4.
A(p1)*:4
B(p2) :
C(p3) :
You are holding:63
card>target>Player B discarded 3 aimed at C. This forced C to discard 5. C was out.
Player A discarded 2.
A(p1) :42
B(p2) :3
C(p3)-:5
You are holding:61
card>target>guess>Player B discarded 1 aimed at A guessing 8.
Player A discarded 1 aimed at B guessing 8.
A(p1) :421
B(p2) :31
C(p3)-:5
You are holding:61
card>target>guess>Player B discarded 1 aimed at A guessing 8.
Player A discarded 1 aimed at B guessing 8.
A(p1) :4211
B(p2) :311
C(p3)-:5
You are holding:61
card>target>guess>Player B discarded 1 aimed at A guessing 8.
Player A discarded 2.
A(p1) :42112
B(p2) :3111
C(p3)-:5
You are holding:63
card>target>Player B discarded 3 aimed at A. This forced B to discard 6. B was out.
Scores: p1=2 p2=1 p3=0
Player A discarded 4.
A(p1)*:4
B(p2) :
C(p3) :
You are holding:63
card>target>Player B discarded 3 aimed at C. This forced C to discard 5. C was out.
Player A discarded 2.
A(p1) :42
B(p2) :3
C(p3)-:5
You are holding:61
card>target>guess>Player B discarded 1 aimed at A guessing 8. This forced A to discard 8. A was out.
Scores: p1=2 p2=2 p3=0
Player A discarded 1 aimed at B guessing 8.
A(p1) :1
B(p2) :
C(p3) :
You are holding:12
card>target>guess>Player B discarded 1 aimed at C guessing 8.
Player C discarded 1 aimed at A guessing 8.
Player A discarded 1 aimed at B guessing 8.
A(p1) :11
B(p2) :1
C(p3) :1
You are holding:25
card>Player B discarded 2.
Player C discarded 3 aimed at A. This forced A to discard 4. A was out.
A(p1)-:114
B(p2) :12
C(p3) :13
You are holding:57
card>Player B discarded 7.
Player C discarded 2.
A(p1)-:114
B(p2) :127
C(p3) :132
You are holding:53
card>target>Player B discarded 3 aimed at C. This forced B to discard 5. B was out.
Scores: p1=2 p2=2 p3=1
Player A discarded 3 aimed at B. This forced B to discard 4. B was out.
Player C discarded 7.
Player A discarded 6 aimed at C.
Player C discarded 1 aimed at A guessing 8.
Player A discarded 1 aimed at C guessing 8. This forced C to discard 8. C was out.
Scores: p1=3 p2=2 p3=1
Player A discarded 4.
A(p1)*:4
B(p2) :
C(p3) :
You are holding:63
card>target>Player B discarded 3 aimed at C. This forced C to discard 5. C was out.
Player A discarded 2.
A(p1) :42
B(p2) :3
C(p3)-:5
You are holding:61
card>target>guess>Player B discarded 1 aimed at A guessing 8.
Player A discarded 1 aimed at B guessing 8.
A(p1) :421
B(p2) :31
C(p3)-:5
You are holding:61
card>target>guess>Player B discarded 1 aimed at A guessing 8.
Player A discarded 1 aimed at B guessing 8.
A(p1) :4211
B(p2) :311
C(p3)-:5
You are holding:61
card>target>guess>Player B discarded 1 aimed at A guessing 8.
Player A discarded 2.
A(p1) :42112
B(p2) :3111
C(p3)-:5
You are holding:63
card>target>Player B discarded 3 aimed at A. This forced B to discard 6. B was out.
Scores: p1=4 p2=2 p3=1
Game over
