2 A
player1
player2
newround 6
yourturn 5
NO
NO
YES
replace 7
thishappened A6B-/---
replace 1
thishappened B5A-/A7-
yourturn 2
YES
thishappened A1B8/B8B
scores 1 0
newround 6
yourturn 5
YES
replace 8
thishappened A5A-/A6-
thishappened B1A8/A8A
scores 1 1
newround 6
yourturn 5
YES
replace 8
thishappened A5A-/A6-
thishappened B7--/---
yourturn 2
YES
thishappened A2--/---
thishappened B1A6/---
yourturn 4
NO
YES
thishappened A4--/---
thishappened B3--/---
yourturn 2
NO
YES
thishappened A2--/---
thishappened B4--/---
yourturn 3
YES
thishappened A3--/---
thishappened B1A8/A8A
scores 1 2
newround 6
yourturn 5
YES
thishappened A5B-/B7-
thishappened B1A6/A6A
scores 1 3
newround 6
yourturn 5
YES
replace 8
thishappened A5A-/A6-
thishappened B7--/---
yourturn 2
YES
thishappened A2--/---
thishappened B3A-/B1B
scores 2 3
newround 6
yourturn 5
YES
thishappened A5B-/B7-
thishappened B1A6/A6A
scores 2 4
gameover
