2 B
player1
player2
newround 7
replace 5
thishappened A6B-/---
yourturn 8
YES
thishappened B5A-/A7-
thishappened A1B8/B8B
scores 1 0
newround 7
thishappened A5A-/A6-
yourturn 1
NO
YES
thishappened B1A8/A8A
scores 1 1
newround 7
thishappened A5A-/A6-
yourturn 1
YES
thishappened B7--/---
thishappened A2--/---
yourturn 3
YES
thishappened B1A6/---
thishappened A4--/---
yourturn 1
YES
thishappened B3--/---
thishappened A2--/---
yourturn 4
YES
thishappened B4--/---
thishappened A3--/---
yourturn 1
YES
thishappened B1A8/A8A
scores 1 2
newround 7
replace 8
thishappened A5B-/B7-
yourturn 1
YES
thishappened B1A6/A6A
scores 1 3
newround 7
thishappened A5A-/A6-
yourturn 1
YES
thishappened B7--/---
thishappened A2--/---
yourturn 3
YES
thishappened B3A-/B1B
scores 2 3
newround 7
replace 8
thishappened A5B-/B7-
yourturn 1
YES
thishappened B1A6/A6A
scores 2 4
gameover
